{"C:\\Helpi\\inventory\\app\\home.js": {"path":"C:\\Helpi\\inventory\\app\\home.js","statementMap":{"0":{"start":{"line":5,"column":17},"end":{"line":45,"column":1}},"1":{"start":{"line":6,"column":2},"end":{"line":44,"column":4}},"2":{"start":{"line":14,"column":25},"end":{"line":14,"column":56}},"3":{"start":{"line":21,"column":25},"end":{"line":21,"column":58}},"4":{"start":{"line":29,"column":25},"end":{"line":29,"column":60}},"5":{"start":{"line":37,"column":25},"end":{"line":37,"column":60}},"6":{"start":{"line":50,"column":20},"end":{"line":83,"column":4}}},"fnMap":{"0":{"name":"(anonymous_0)","decl":{"start":{"line":5,"column":17},"end":{"line":5,"column":18}},"loc":{"start":{"line":5,"column":37},"end":{"line":45,"column":1}},"line":5},"1":{"name":"(anonymous_1)","decl":{"start":{"line":14,"column":19},"end":{"line":14,"column":20}},"loc":{"start":{"line":14,"column":25},"end":{"line":14,"column":56}},"line":14},"2":{"name":"(anonymous_2)","decl":{"start":{"line":21,"column":19},"end":{"line":21,"column":20}},"loc":{"start":{"line":21,"column":25},"end":{"line":21,"column":58}},"line":21},"3":{"name":"(anonymous_3)","decl":{"start":{"line":29,"column":19},"end":{"line":29,"column":20}},"loc":{"start":{"line":29,"column":25},"end":{"line":29,"column":60}},"line":29},"4":{"name":"(anonymous_4)","decl":{"start":{"line":37,"column":19},"end":{"line":37,"column":20}},"loc":{"start":{"line":37,"column":25},"end":{"line":37,"column":60}},"line":37}},"branchMap":{},"s":{"0":5,"1":5,"2":1,"3":1,"4":1,"5":1,"6":5},"f":{"0":5,"1":1,"2":1,"3":1,"4":1},"b":{},"_coverageSchema":"1a1c01bbd47fc00a2c39e90264f33305004495a9","hash":"5acfb9c4ff448f6d687a5af21c200f7a17ecd39f"}
,"C:\\Helpi\\inventory\\app\\predictions\\prediction.js": {"path":"C:\\Helpi\\inventory\\app\\predictions\\prediction.js","statementMap":{"0":{"start":{"line":64,"column":23},"end":{"line":164,"column":1}},"1":{"start":{"line":65,"column":40},"end":{"line":65,"column":55}},"2":{"start":{"line":66,"column":40},"end":{"line":66,"column":52}},"3":{"start":{"line":67,"column":32},"end":{"line":67,"column":47}},"4":{"start":{"line":68,"column":28},"end":{"line":68,"column":42}},"5":{"start":{"line":70,"column":22},"end":{"line":70,"column":37}},"6":{"start":{"line":71,"column":18},"end":{"line":71,"column":41}},"7":{"start":{"line":73,"column":2},"end":{"line":86,"column":20}},"8":{"start":{"line":76,"column":4},"end":{"line":83,"column":5}},"9":{"start":{"line":77,"column":6},"end":{"line":77,"column":25}},"10":{"start":{"line":78,"column":6},"end":{"line":80,"column":16}},"11":{"start":{"line":79,"column":8},"end":{"line":79,"column":27}},"12":{"start":{"line":81,"column":11},"end":{"line":83,"column":5}},"13":{"start":{"line":82,"column":6},"end":{"line":82,"column":32}},"14":{"start":{"line":85,"column":4},"end":{"line":85,"column":43}},"15":{"start":{"line":85,"column":17},"end":{"line":85,"column":42}},"16":{"start":{"line":89,"column":27},"end":{"line":104,"column":3}},"17":{"start":{"line":90,"column":4},"end":{"line":90,"column":21}},"18":{"start":{"line":91,"column":4},"end":{"line":103,"column":9}},"19":{"start":{"line":92,"column":26},"end":{"line":92,"column":41}},"20":{"start":{"line":94,"column":8},"end":{"line":94,"column":29}},"21":{"start":{"line":95,"column":8},"end":{"line":95,"column":26}},"22":{"start":{"line":98,"column":8},"end":{"line":98,"column":18}},"23":{"start":{"line":101,"column":8},"end":{"line":101,"column":47}},"24":{"start":{"line":102,"column":8},"end":{"line":102,"column":26}},"25":{"start":{"line":107,"column":18},"end":{"line":113,"column":3}},"26":{"start":{"line":108,"column":19},"end":{"line":108,"column":75}},"27":{"start":{"line":110,"column":4},"end":{"line":112,"column":69}},"28":{"start":{"line":111,"column":18},"end":{"line":111,"column":47}},"29":{"start":{"line":112,"column":22},"end":{"line":112,"column":67}},"30":{"start":{"line":116,"column":35},"end":{"line":119,"column":3}},"31":{"start":{"line":117,"column":4},"end":{"line":117,"column":25}},"32":{"start":{"line":118,"column":4},"end":{"line":118,"column":111}},"33":{"start":{"line":122,"column":34},"end":{"line":125,"column":3}},"34":{"start":{"line":123,"column":4},"end":{"line":123,"column":26}},"35":{"start":{"line":124,"column":4},"end":{"line":124,"column":94}},"36":{"start":{"line":128,"column":2},"end":{"line":130,"column":3}},"37":{"start":{"line":129,"column":4},"end":{"line":129,"column":59}},"38":{"start":{"line":133,"column":2},"end":{"line":135,"column":3}},"39":{"start":{"line":134,"column":4},"end":{"line":134,"column":53}},"40":{"start":{"line":137,"column":2},"end":{"line":163,"column":4}},"41":{"start":{"line":153,"column":39},"end":{"line":153,"column":55}},"42":{"start":{"line":155,"column":10},"end":{"line":159,"column":17}},"43":{"start":{"line":167,"column":15},"end":{"line":176,"column":2}}},"fnMap":{"0":{"name":"(anonymous_0)","decl":{"start":{"line":64,"column":23},"end":{"line":64,"column":24}},"loc":{"start":{"line":64,"column":29},"end":{"line":164,"column":1}},"line":64},"1":{"name":"(anonymous_1)","decl":{"start":{"line":73,"column":12},"end":{"line":73,"column":13}},"loc":{"start":{"line":73,"column":18},"end":{"line":86,"column":3}},"line":73},"2":{"name":"(anonymous_2)","decl":{"start":{"line":78,"column":31},"end":{"line":78,"column":32}},"loc":{"start":{"line":78,"column":37},"end":{"line":80,"column":7}},"line":78},"3":{"name":"(anonymous_3)","decl":{"start":{"line":85,"column":11},"end":{"line":85,"column":12}},"loc":{"start":{"line":85,"column":17},"end":{"line":85,"column":42}},"line":85},"4":{"name":"(anonymous_4)","decl":{"start":{"line":89,"column":27},"end":{"line":89,"column":28}},"loc":{"start":{"line":89,"column":33},"end":{"line":104,"column":3}},"line":89},"5":{"name":"(anonymous_5)","decl":{"start":{"line":92,"column":12},"end":{"line":92,"column":13}},"loc":{"start":{"line":92,"column":26},"end":{"line":92,"column":41}},"line":92},"6":{"name":"(anonymous_6)","decl":{"start":{"line":93,"column":12},"end":{"line":93,"column":13}},"loc":{"start":{"line":93,"column":22},"end":{"line":99,"column":7}},"line":93},"7":{"name":"(anonymous_7)","decl":{"start":{"line":100,"column":13},"end":{"line":100,"column":14}},"loc":{"start":{"line":100,"column":22},"end":{"line":103,"column":7}},"line":100},"8":{"name":"(anonymous_8)","decl":{"start":{"line":107,"column":18},"end":{"line":107,"column":19}},"loc":{"start":{"line":107,"column":24},"end":{"line":113,"column":3}},"line":107},"9":{"name":"(anonymous_9)","decl":{"start":{"line":111,"column":12},"end":{"line":111,"column":13}},"loc":{"start":{"line":111,"column":18},"end":{"line":111,"column":47}},"line":111},"10":{"name":"(anonymous_10)","decl":{"start":{"line":112,"column":13},"end":{"line":112,"column":14}},"loc":{"start":{"line":112,"column":22},"end":{"line":112,"column":67}},"line":112},"11":{"name":"(anonymous_11)","decl":{"start":{"line":116,"column":35},"end":{"line":116,"column":36}},"loc":{"start":{"line":116,"column":41},"end":{"line":119,"column":3}},"line":116},"12":{"name":"(anonymous_12)","decl":{"start":{"line":122,"column":34},"end":{"line":122,"column":35}},"loc":{"start":{"line":122,"column":40},"end":{"line":125,"column":3}},"line":122},"13":{"name":"(anonymous_13)","decl":{"start":{"line":153,"column":22},"end":{"line":153,"column":23}},"loc":{"start":{"line":153,"column":39},"end":{"line":153,"column":55}},"line":153},"14":{"name":"(anonymous_14)","decl":{"start":{"line":154,"column":20},"end":{"line":154,"column":21}},"loc":{"start":{"line":155,"column":10},"end":{"line":159,"column":17}},"line":155}},"branchMap":{"0":{"loc":{"start":{"line":76,"column":4},"end":{"line":83,"column":5}},"type":"if","locations":[{"start":{"line":76,"column":4},"end":{"line":83,"column":5}},{"start":{"line":81,"column":11},"end":{"line":83,"column":5}}],"line":76},"1":{"loc":{"start":{"line":81,"column":11},"end":{"line":83,"column":5}},"type":"if","locations":[{"start":{"line":81,"column":11},"end":{"line":83,"column":5}},{"start":{},"end":{}}],"line":81},"2":{"loc":{"start":{"line":128,"column":2},"end":{"line":130,"column":3}},"type":"if","locations":[{"start":{"line":128,"column":2},"end":{"line":130,"column":3}},{"start":{},"end":{}}],"line":128},"3":{"loc":{"start":{"line":133,"column":2},"end":{"line":135,"column":3}},"type":"if","locations":[{"start":{"line":133,"column":2},"end":{"line":135,"column":3}},{"start":{},"end":{}}],"line":133},"4":{"loc":{"start":{"line":141,"column":7},"end":{"line":149,"column":7}},"type":"cond-expr","locations":[{"start":{"line":142,"column":8},"end":{"line":144,"column":27}},{"start":{"line":146,"column":8},"end":{"line":148,"column":27}}],"line":141}},"s":{"0":1,"1":2,"2":2,"3":2,"4":2,"5":2,"6":2,"7":2,"8":2,"9":0,"10":0,"11":0,"12":2,"13":0,"14":2,"15":2,"16":2,"17":0,"18":0,"19":0,"20":0,"21":0,"22":0,"23":0,"24":0,"25":2,"26":0,"27":0,"28":0,"29":0,"30":2,"31":0,"32":0,"33":2,"34":0,"35":0,"36":2,"37":0,"38":2,"39":0,"40":2,"41":0,"42":0,"43":1},"f":{"0":2,"1":2,"2":0,"3":2,"4":0,"5":0,"6":0,"7":0,"8":0,"9":0,"10":0,"11":0,"12":0,"13":0,"14":0},"b":{"0":[0,2],"1":[0,2],"2":[0,2],"3":[0,2],"4":[2,0]},"_coverageSchema":"1a1c01bbd47fc00a2c39e90264f33305004495a9","hash":"469ea618e8d6766b9e8959bb8b7cb8dc2c4be62f"}
}
