TN:
SF:app\home.js
FN:5,(anonymous_0)
FN:14,(anonymous_1)
FN:21,(anonymous_2)
FN:29,(anonymous_3)
FN:37,(anonymous_4)
FNF:5
FNH:5
FNDA:5,(anonymous_0)
FNDA:1,(anonymous_1)
FNDA:1,(anonymous_2)
FNDA:1,(anonymous_3)
FNDA:1,(anonymous_4)
DA:5,5
DA:6,5
DA:14,1
DA:21,1
DA:29,1
DA:37,1
DA:50,5
LF:7
LH:7
BRF:0
BRH:0
end_of_record
TN:
SF:app\predictions\prediction.js
FN:64,(anonymous_0)
FN:73,(anonymous_1)
FN:78,(anonymous_2)
FN:85,(anonymous_3)
FN:89,(anonymous_4)
FN:92,(anonymous_5)
FN:93,(anonymous_6)
FN:100,(anonymous_7)
FN:107,(anonymous_8)
FN:111,(anonymous_9)
FN:112,(anonymous_10)
FN:116,(anonymous_11)
FN:122,(anonymous_12)
FN:153,(anonymous_13)
FN:154,(anonymous_14)
FNF:15
FNH:3
FNDA:2,(anonymous_0)
FNDA:2,(anonymous_1)
FNDA:0,(anonymous_2)
FNDA:2,(anonymous_3)
FNDA:0,(anonymous_4)
FNDA:0,(anonymous_5)
FNDA:0,(anonymous_6)
FNDA:0,(anonymous_7)
FNDA:0,(anonymous_8)
FNDA:0,(anonymous_9)
FNDA:0,(anonymous_10)
FNDA:0,(anonymous_11)
FNDA:0,(anonymous_12)
FNDA:0,(anonymous_13)
FNDA:0,(anonymous_14)
DA:64,1
DA:65,2
DA:66,2
DA:67,2
DA:68,2
DA:70,2
DA:71,2
DA:73,2
DA:76,2
DA:77,0
DA:78,0
DA:79,0
DA:81,2
DA:82,0
DA:85,2
DA:89,2
DA:90,0
DA:91,0
DA:92,0
DA:94,0
DA:95,0
DA:98,0
DA:101,0
DA:102,0
DA:107,2
DA:108,0
DA:110,0
DA:111,0
DA:112,0
DA:116,2
DA:117,0
DA:118,0
DA:122,2
DA:123,0
DA:124,0
DA:128,2
DA:129,0
DA:133,2
DA:134,0
DA:137,2
DA:153,0
DA:155,0
DA:167,1
LF:43
LH:19
BRDA:76,0,0,0
BRDA:76,0,1,2
BRDA:81,1,0,0
BRDA:81,1,1,2
BRDA:128,2,0,0
BRDA:128,2,1,2
BRDA:133,3,0,0
BRDA:133,3,1,2
BRDA:141,4,0,2
BRDA:141,4,1,0
BRF:10
BRH:5
end_of_record
